Arguments: 
  /home/chee/.cache/volta/tools/image/node/12.20.1/bin/node /home/chee/.cache/volta/tools/image/yarn/1.22.10/bin/yarn.js init

PATH: 
  /home/chee/.cache/volta/tools/image/npm/7.4.0/bin:/home/chee/.cache/volta/tools/image/yarn/1.22.10/bin:/home/chee/.cache/volta/tools/image/node/12.20.1/bin:/home/chee/.pyenv/shims:/opt/devkitpro/tools/bin:/home/chee/.cache/volta/bin:/home/chee/bin:/home/chee/.local/bin:/home/chee/.cargo/bin:/home/chee/programs/bin:/home/chee/.pyenv/shims:/opt/devkitpro/tools/bin:/home/chee/.cache/volta/bin:/home/chee/bin:/home/chee/.local/bin:/home/chee/.cargo/bin:/home/chee/programs/bin:/home/chee/.pyenv/shims:/home/chee/.cache/volta/bin:/opt/devkitpro/tools/bin:/home/chee/bin:/home/chee/.local/bin:/home/chee/.cargo/bin:/home/chee/programs/bin:/usr/local/sbin:/usr/local/bin:/usr/bin:/usr/bin/site_perl:/usr/bin/vendor_perl:/usr/bin/core_perl:/snap/bin:/snap/bin

Yarn version: 
  1.22.10

Node version: 
  12.20.1

Platform: 
  linux x64

Trace: 
  Error: canceled
      at Interface.<anonymous> (/home/chee/.cache/volta/tools/image/yarn/1.22.10/lib/cli.js:136216:13)
      at Interface.emit (events.js:314:20)
      at Interface._ttyWrite (readline.js:868:16)
      at ReadStream.onkeypress (readline.js:205:10)
      at ReadStream.emit (events.js:314:20)
      at emitKeys (internal/readline/utils.js:335:14)
      at emitKeys.next (<anonymous>)
      at ReadStream.onData (readline.js:1137:36)
      at ReadStream.emit (events.js:314:20)
      at addChunk (_stream_readable.js:297:12)

npm manifest: 
  No manifest

yarn manifest: 
  No manifest

Lockfile: 
  No lockfile
